<?xml version="1.0" encoding="UTF-8" ?>
<testsuite errors="0" failures="0" name="RegistrationTests" tests="0" time="0.0">
  <properties></properties>
  <testcase classname="RegistrationTests" name="testSomething" time="0.0"></testcase>
</testsuite>
